
> minitosbackend@1.0.0 start
> node app.js

Attempting to connect to PostgreSQL...
✅ PostgreSQL connected!
   DB: postgres
   Version: PostgreSQL 17.6
🚀 Server running on port 3000
🌐 Base URL: http://localhost:3000

📂 ========== AVAILABLE ROUTES ==========

1. OPTIONS  *
2. GET      /
3. POST     /api/auth/get-register-token
4. POST     /api/auth/login
5. POST     /api/auth/create-super-admin
6. POST     /api/auth/verify-token
7. POST     /api/auth/refresh-token
8. POST     /api/auth/logout
9. POST     /api/auth/change-password
10. POST     /api/users/register
11. GET      /api/users
12. GET      /api/users/me
13. GET, PUT, DELETE /api/users/:id
14. GET      /api/vendor/item/import/template
15. GET, POST /api/vendor/item
16. GET      /api/vendor/item/partner/:partnerNo
17. GET      /api/vendor/item/portal/:partnerPortalNo
18. GET      /api/vendor/item/key/:partnerPortalNo/:partnerNo/:batchNo
19. GET      /api/vendor/item/unit-of-measures
20. GET, PUT, DELETE /api/vendor/item/:id
21. POST     /api/vendor/item/import
22. POST     /api/vendor/item/businesscentral
23. POST     /api/vendor/item/price-change
24. POST     /api/vendor/item/change-request
25. PATCH    /api/vendor/item/:id/status
26. PATCH    /api/vendor/item/:id/block
27. GET, POST /api/contact
28. GET      /api/contact/partner/:partnerNo
29. GET, PUT, DELETE /api/contact/:id
30. POST     /api/contact/businesscentral
31. PATCH    /api/contact/:id/sync
32. PATCH    /api/contact/:id/portal
33. GET, POST /api/purchase-orders
34. GET      /api/purchase-orders/partner/:partnerNo
35. GET      /api/purchase-orders/items/:partnerNo
36. GET      /api/purchase-orders/items/:partnerNo/:batchNo
37. GET      /api/purchase-orders/locations
38. GET, PUT, DELETE /api/purchase-orders/:id
39. POST     /api/purchase-orders/businesscentral
40. PATCH    /api/purchase-orders/:id/status
41. GET, POST /api/sales-orders
42. GET      /api/sales-orders/partner/:partnerNo
43. GET, PUT, DELETE /api/sales-orders/:id
44. POST     /api/sales-orders/businesscentral
45. PATCH    /api/sales-orders/:id/status
46. GET, POST /api/invoices
47. GET      /api/invoices/partner/:partnerNo
48. GET      /api/invoices/no/:invoiceNo
49. GET, PUT, DELETE /api/invoices/:id
50. POST     /api/invoices/businesscentral
51. PATCH    /api/invoices/:id/status
52. GET, POST /api/purchase-invoices
53. GET      /api/purchase-invoices/partner/:partnerNo
54. GET      /api/purchase-invoices/no/:invoiceNo
55. GET, PUT, DELETE /api/purchase-invoices/:id
56. POST     /api/purchase-invoices/businesscentral
57. PATCH    /api/purchase-invoices/:id/status
58. GET, POST /api/purchase-receipts
59. GET      /api/purchase-receipts/partner/:partnerNo
60. GET      /api/purchase-receipts/shipment/:shipmentNo
61. GET, PUT, DELETE /api/purchase-receipts/:id
62. POST     /api/purchase-receipts/businesscentral
63. PATCH    /api/purchase-receipts/:id/status
64. GET, POST /api/purchase-prices
65. GET, PUT, DELETE /api/purchase-prices/:id
66. GET      /api/item-categories
67. POST     /api/item-categories/sync
68. GET, POST /api/payments
69. GET      /api/payments/partner/:partnerNo
70. GET, PUT, DELETE /api/payments/:id
71. PATCH    /api/payments/:id/status
72. GET, POST /api/unit-of-measures
73. GET, PUT, DELETE /api/unit-of-measures/:id
74. GET, POST /api/partner-location-links
75. GET      /api/partner-location-links/partner/:partnerNo
76. GET      /api/partner-location-links/partner/:partnerNo/default
77. GET, PUT, DELETE /api/partner-location-links/:id
78. POST     /api/partner-location-links/businesscentral
79. PATCH    /api/partner-location-links/:id/block
80. PATCH    /api/partner-location-links/:id/default
81. GET      /api/no-series/code/:code
82. GET      /api/no-series/getall
83. POST     /api/no-series
84. GET, PUT, DELETE /api/no-series/:id
85. PATCH    /api/no-series/:id/next-number
86. PATCH    /api/no-series/:id/reset
87. GET, POST /api/vat-master
88. GET      /api/vat-master/code/:vatCode
89. GET, PUT, DELETE /api/vat-master/:id
90. PATCH    /api/vat-master/:id/status
91. GET      /api/permissions/screens
92. GET      /api/permissions/me
93. GET      /api/permissions/check/:screenCode/:permissionType
94. POST     /api/permissions/sync-tables
95. GET, POST /api/permissions/role/:role
96. POST     /api/permissions/role/:role/bulk
97. GET, POST /api/permissions/user/:userId
98. DELETE   /api/permissions/user/:userId/screen/:screenId
99. GET, POST /api/permission-groups/groups
100. GET, PUT, DELETE /api/permission-groups/groups/:groupId
101. GET, POST /api/permission-groups/groups/:groupId/permissions
102. POST     /api/permission-groups/groups/:groupId/permissions/bulk
103. DELETE   /api/permission-groups/groups/:groupId/permissions/:screenId
104. POST, DELETE /api/permission-groups/users/:userId/groups/:groupId
105. GET      /api/permission-groups/users/:userId/groups
106. GET      /api/permission-groups/users/:userId/effective-permissions
107. GET      /api/permission-groups/groups/:groupId/users
108. GET, POST /api/sales-shipments
109. GET, DELETE /api/sales-shipments/:id
110. GET      /api/sales-shipments/portal/:portalDocumentNo
111. POST     /api/sales-shipments/businesscentral
112. PATCH    /api/sales-shipments/:id/status
113. POST     /api/bc-user-registrations/invite
114. GET      /api/bc-user-registrations/invite/verify
115. GET, POST /api/bc-user-registrations
116. GET, DELETE /api/bc-user-registrations/:id
117. PATCH    /api/bc-user-registrations/:id/status
118. GET      /api/routes

✅ Total Routes: 118

========================================

